INFO - 08/17/23 17:23:36 - 0:00:00 - batch_sz: 16
                                     before_clf_size: 1024
                                     bert_model: ./bert-base-uncased
                                     data_path: ./datasets/
                                     df: True
                                     drop_img_percent: 0.0
                                     dropout: 0.1
                                     embed_sz: 300
                                     freeze_img: 3
                                     freeze_txt: 5
                                     glove_path: ./datasets/glove_embeds/glove.840B.300d.txt
                                     gradient_accumulation_steps: 40
                                     hidden: []
                                     hidden_sz: 768
                                     img_embed_pool_type: avg
                                     img_hidden_sz: 2048
                                     include_bn: True
                                     label_freqs: Counter({'positive': 851, 'negative': 422, 'neutral': 282})
                                     labels: ['positive', 'neutral', 'negative']
                                     lr: 5e-05
                                     lr_factor: 0.5
                                     lr_patience: 2
                                     max_epochs: 100
                                     max_seq_len: 512
                                     model: early_wd
                                     n_classes: 3
                                     n_workers: 12
                                     name: MVSA_Single_early_wd_model_run_df_4
                                     noise: 0.0
                                     num_image_embeds: 3
                                     patience: 5
                                     savedir: ./saved/MVSA_Single/MVSA_Single_early_wd_model_run_df_4
                                     seed: 4
                                     swd_weight: 0.01
                                     task: MVSA_Single
                                     task_type: classification
                                     train_data_len: 1555
                                     vocab: <src.data.vocab.Vocab object at 0x7f4ed5185910>
                                     vocab_sz: 30522
                                     warmup: 0.1
                                     weight_classes: 1
INFO - 08/17/23 17:23:36 - 0:00:00 - MultimodalEarlyFusionClf(
                                       (txtclf): early_BertClf(
                                         (enc): BertEncoder(
                                           (bert): BertModel(
                                             (embeddings): BertEmbeddings(
                                               (word_embeddings): Embedding(30522, 768, padding_idx=0)
                                               (position_embeddings): Embedding(512, 768)
                                               (token_type_embeddings): Embedding(2, 768)
                                               (LayerNorm): BertLayerNorm()
                                               (dropout): Dropout(p=0.1, inplace=False)
                                             )
                                             (encoder): BertEncoder(
                                               (layer): ModuleList(
                                                 (0): BertLayer(
                                                   (attention): BertAttention(
                                                     (self): BertSelfAttention(
                                                       (query): Linear(in_features=768, out_features=768, bias=True)
                                                       (key): Linear(in_features=768, out_features=768, bias=True)
                                                       (value): Linear(in_features=768, out_features=768, bias=True)
                                                       (dropout): Dropout(p=0.1, inplace=False)
                                                     )
                                                     (output): BertSelfOutput(
                                                       (dense): Linear(in_features=768, out_features=768, bias=True)
                                                       (LayerNorm): BertLayerNorm()
                                                       (dropout): Dropout(p=0.1, inplace=False)
                                                     )
                                                   )
                                                   (intermediate): BertIntermediate(
                                                     (dense): Linear(in_features=768, out_features=3072, bias=True)
                                                   )
                                                   (output): BertOutput(
                                                     (dense): Linear(in_features=3072, out_features=768, bias=True)
                                                     (LayerNorm): BertLayerNorm()
                                                     (dropout): Dropout(p=0.1, inplace=False)
                                                   )
                                                 )
                                                 (1): BertLayer(
                                                   (attention): BertAttention(
                                                     (self): BertSelfAttention(
                                                       (query): Linear(in_features=768, out_features=768, bias=True)
                                                       (key): Linear(in_features=768, out_features=768, bias=True)
                                                       (value): Linear(in_features=768, out_features=768, bias=True)
                                                       (dropout): Dropout(p=0.1, inplace=False)
                                                     )
                                                     (output): BertSelfOutput(
                                                       (dense): Linear(in_features=768, out_features=768, bias=True)
                                                       (LayerNorm): BertLayerNorm()
                                                       (dropout): Dropout(p=0.1, inplace=False)
                                                     )
                                                   )
                                                   (intermediate): BertIntermediate(
                                                     (dense): Linear(in_features=768, out_features=3072, bias=True)
                                                   )
                                                   (output): BertOutput(
                                                     (dense): Linear(in_features=3072, out_features=768, bias=True)
                                                     (LayerNorm): BertLayerNorm()
                                                     (dropout): Dropout(p=0.1, inplace=False)
                                                   )
                                                 )
                                                 (2): BertLayer(
                                                   (attention): BertAttention(
                                                     (self): BertSelfAttention(
                                                       (query): Linear(in_features=768, out_features=768, bias=True)
                                                       (key): Linear(in_features=768, out_features=768, bias=True)
                                                       (value): Linear(in_features=768, out_features=768, bias=True)
                                                       (dropout): Dropout(p=0.1, inplace=False)
                                                     )
                                                     (output): BertSelfOutput(
                                                       (dense): Linear(in_features=768, out_features=768, bias=True)
                                                       (LayerNorm): BertLayerNorm()
                                                       (dropout): Dropout(p=0.1, inplace=False)
                                                     )
                                                   )
                                                   (intermediate): BertIntermediate(
                                                     (dense): Linear(in_features=768, out_features=3072, bias=True)
                                                   )
                                                   (output): BertOutput(
                                                     (dense): Linear(in_features=3072, out_features=768, bias=True)
                                                     (LayerNorm): BertLayerNorm()
                                                     (dropout): Dropout(p=0.1, inplace=False)
                                                   )
                                                 )
                                                 (3): BertLayer(
                                                   (attention): BertAttention(
                                                     (self): BertSelfAttention(
                                                       (query): Linear(in_features=768, out_features=768, bias=True)
                                                       (key): Linear(in_features=768, out_features=768, bias=True)
                                                       (value): Linear(in_features=768, out_features=768, bias=True)
                                                       (dropout): Dropout(p=0.1, inplace=False)
                                                     )
                                                     (output): BertSelfOutput(
                                                       (dense): Linear(in_features=768, out_features=768, bias=True)
                                                       (LayerNorm): BertLayerNorm()
                                                       (dropout): Dropout(p=0.1, inplace=False)
                                                     )
                                                   )
                                                   (intermediate): BertIntermediate(
                                                     (dense): Linear(in_features=768, out_features=3072, bias=True)
                                                   )
                                                   (output): BertOutput(
                                                     (dense): Linear(in_features=3072, out_features=768, bias=True)
                                                     (LayerNorm): BertLayerNorm()
                                                     (dropout): Dropout(p=0.1, inplace=False)
                                                   )
                                                 )
                                                 (4): BertLayer(
                                                   (attention): BertAttention(
                                                     (self): BertSelfAttention(
                                                       (query): Linear(in_features=768, out_features=768, bias=True)
                                                       (key): Linear(in_features=768, out_features=768, bias=True)
                                                       (value): Linear(in_features=768, out_features=768, bias=True)
                                                       (dropout): Dropout(p=0.1, inplace=False)
                                                     )
                                                     (output): BertSelfOutput(
                                                       (dense): Linear(in_features=768, out_features=768, bias=True)
                                                       (LayerNorm): BertLayerNorm()
                                                       (dropout): Dropout(p=0.1, inplace=False)
                                                     )
                                                   )
                                                   (intermediate): BertIntermediate(
                                                     (dense): Linear(in_features=768, out_features=3072, bias=True)
                                                   )
                                                   (output): BertOutput(
                                                     (dense): Linear(in_features=3072, out_features=768, bias=True)
                                                     (LayerNorm): BertLayerNorm()
                                                     (dropout): Dropout(p=0.1, inplace=False)
                                                   )
                                                 )
                                                 (5): BertLayer(
                                                   (attention): BertAttention(
                                                     (self): BertSelfAttention(
                                                       (query): Linear(in_features=768, out_features=768, bias=True)
                                                       (key): Linear(in_features=768, out_features=768, bias=True)
                                                       (value): Linear(in_features=768, out_features=768, bias=True)
                                                       (dropout): Dropout(p=0.1, inplace=False)
                                                     )
                                                     (output): BertSelfOutput(
                                                       (dense): Linear(in_features=768, out_features=768, bias=True)
                                                       (LayerNorm): BertLayerNorm()
                                                       (dropout): Dropout(p=0.1, inplace=False)
                                                     )
                                                   )
                                                   (intermediate): BertIntermediate(
                                                     (dense): Linear(in_features=768, out_features=3072, bias=True)
                                                   )
                                                   (output): BertOutput(
                                                     (dense): Linear(in_features=3072, out_features=768, bias=True)
                                                     (LayerNorm): BertLayerNorm()
                                                     (dropout): Dropout(p=0.1, inplace=False)
                                                   )
                                                 )
                                                 (6): BertLayer(
                                                   (attention): BertAttention(
                                                     (self): BertSelfAttention(
                                                       (query): Linear(in_features=768, out_features=768, bias=True)
                                                       (key): Linear(in_features=768, out_features=768, bias=True)
                                                       (value): Linear(in_features=768, out_features=768, bias=True)
                                                       (dropout): Dropout(p=0.1, inplace=False)
                                                     )
                                                     (output): BertSelfOutput(
                                                       (dense): Linear(in_features=768, out_features=768, bias=True)
                                                       (LayerNorm): BertLayerNorm()
                                                       (dropout): Dropout(p=0.1, inplace=False)
                                                     )
                                                   )
                                                   (intermediate): BertIntermediate(
                                                     (dense): Linear(in_features=768, out_features=3072, bias=True)
                                                   )
                                                   (output): BertOutput(
                                                     (dense): Linear(in_features=3072, out_features=768, bias=True)
                                                     (LayerNorm): BertLayerNorm()
                                                     (dropout): Dropout(p=0.1, inplace=False)
                                                   )
                                                 )
                                                 (7): BertLayer(
                                                   (attention): BertAttention(
                                                     (self): BertSelfAttention(
                                                       (query): Linear(in_features=768, out_features=768, bias=True)
                                                       (key): Linear(in_features=768, out_features=768, bias=True)
                                                       (value): Linear(in_features=768, out_features=768, bias=True)
                                                       (dropout): Dropout(p=0.1, inplace=False)
                                                     )
                                                     (output): BertSelfOutput(
                                                       (dense): Linear(in_features=768, out_features=768, bias=True)
                                                       (LayerNorm): BertLayerNorm()
                                                       (dropout): Dropout(p=0.1, inplace=False)
                                                     )
                                                   )
                                                   (intermediate): BertIntermediate(
                                                     (dense): Linear(in_features=768, out_features=3072, bias=True)
                                                   )
                                                   (output): BertOutput(
                                                     (dense): Linear(in_features=3072, out_features=768, bias=True)
                                                     (LayerNorm): BertLayerNorm()
                                                     (dropout): Dropout(p=0.1, inplace=False)
                                                   )
                                                 )
                                                 (8): BertLayer(
                                                   (attention): BertAttention(
                                                     (self): BertSelfAttention(
                                                       (query): Linear(in_features=768, out_features=768, bias=True)
                                                       (key): Linear(in_features=768, out_features=768, bias=True)
                                                       (value): Linear(in_features=768, out_features=768, bias=True)
                                                       (dropout): Dropout(p=0.1, inplace=False)
                                                     )
                                                     (output): BertSelfOutput(
                                                       (dense): Linear(in_features=768, out_features=768, bias=True)
                                                       (LayerNorm): BertLayerNorm()
                                                       (dropout): Dropout(p=0.1, inplace=False)
                                                     )
                                                   )
                                                   (intermediate): BertIntermediate(
                                                     (dense): Linear(in_features=768, out_features=3072, bias=True)
                                                   )
                                                   (output): BertOutput(
                                                     (dense): Linear(in_features=3072, out_features=768, bias=True)
                                                     (LayerNorm): BertLayerNorm()
                                                     (dropout): Dropout(p=0.1, inplace=False)
                                                   )
                                                 )
                                                 (9): BertLayer(
                                                   (attention): BertAttention(
                                                     (self): BertSelfAttention(
                                                       (query): Linear(in_features=768, out_features=768, bias=True)
                                                       (key): Linear(in_features=768, out_features=768, bias=True)
                                                       (value): Linear(in_features=768, out_features=768, bias=True)
                                                       (dropout): Dropout(p=0.1, inplace=False)
                                                     )
                                                     (output): BertSelfOutput(
                                                       (dense): Linear(in_features=768, out_features=768, bias=True)
                                                       (LayerNorm): BertLayerNorm()
                                                       (dropout): Dropout(p=0.1, inplace=False)
                                                     )
                                                   )
                                                   (intermediate): BertIntermediate(
                                                     (dense): Linear(in_features=768, out_features=3072, bias=True)
                                                   )
                                                   (output): BertOutput(
                                                     (dense): Linear(in_features=3072, out_features=768, bias=True)
                                                     (LayerNorm): BertLayerNorm()
                                                     (dropout): Dropout(p=0.1, inplace=False)
                                                   )
                                                 )
                                                 (10): BertLayer(
                                                   (attention): BertAttention(
                                                     (self): BertSelfAttention(
                                                       (query): Linear(in_features=768, out_features=768, bias=True)
                                                       (key): Linear(in_features=768, out_features=768, bias=True)
                                                       (value): Linear(in_features=768, out_features=768, bias=True)
                                                       (dropout): Dropout(p=0.1, inplace=False)
                                                     )
                                                     (output): BertSelfOutput(
                                                       (dense): Linear(in_features=768, out_features=768, bias=True)
                                                       (LayerNorm): BertLayerNorm()
                                                       (dropout): Dropout(p=0.1, inplace=False)
                                                     )
                                                   )
                                                   (intermediate): BertIntermediate(
                                                     (dense): Linear(in_features=768, out_features=3072, bias=True)
                                                   )
                                                   (output): BertOutput(
                                                     (dense): Linear(in_features=3072, out_features=768, bias=True)
                                                     (LayerNorm): BertLayerNorm()
                                                     (dropout): Dropout(p=0.1, inplace=False)
                                                   )
                                                 )
                                                 (11): BertLayer(
                                                   (attention): BertAttention(
                                                     (self): BertSelfAttention(
                                                       (query): Linear(in_features=768, out_features=768, bias=True)
                                                       (key): Linear(in_features=768, out_features=768, bias=True)
                                                       (value): Linear(in_features=768, out_features=768, bias=True)
                                                       (dropout): Dropout(p=0.1, inplace=False)
                                                     )
                                                     (output): BertSelfOutput(
                                                       (dense): Linear(in_features=768, out_features=768, bias=True)
                                                       (LayerNorm): BertLayerNorm()
                                                       (dropout): Dropout(p=0.1, inplace=False)
                                                     )
                                                   )
                                                   (intermediate): BertIntermediate(
                                                     (dense): Linear(in_features=768, out_features=3072, bias=True)
                                                   )
                                                   (output): BertOutput(
                                                     (dense): Linear(in_features=3072, out_features=768, bias=True)
                                                     (LayerNorm): BertLayerNorm()
                                                     (dropout): Dropout(p=0.1, inplace=False)
                                                   )
                                                 )
                                               )
                                             )
                                             (pooler): BertPooler(
                                               (dense): Linear(in_features=768, out_features=768, bias=True)
                                               (activation): Tanh()
                                             )
                                           )
                                         )
                                         (clf): Linear(in_features=768, out_features=1024, bias=True)
                                       )
                                       (imgclf): early_ImageClf(
                                         (img_encoder): ImageEncoder(
                                           (model): Sequential(
                                             (0): Conv2d(3, 64, kernel_size=(7, 7), stride=(2, 2), padding=(3, 3), bias=False)
                                             (1): BatchNorm2d(64, eps=1e-05, momentum=0.1, affine=True, track_running_stats=True)
                                             (2): ReLU(inplace=True)
                                             (3): MaxPool2d(kernel_size=3, stride=2, padding=1, dilation=1, ceil_mode=False)
                                             (4): Sequential(
                                               (0): Bottleneck(
                                                 (conv1): Conv2d(64, 64, kernel_size=(1, 1), stride=(1, 1), bias=False)
                                                 (bn1): BatchNorm2d(64, eps=1e-05, momentum=0.1, affine=True, track_running_stats=True)
                                                 (conv2): Conv2d(64, 64, kernel_size=(3, 3), stride=(1, 1), padding=(1, 1), bias=False)
                                                 (bn2): BatchNorm2d(64, eps=1e-05, momentum=0.1, affine=True, track_running_stats=True)
                                                 (conv3): Conv2d(64, 256, kernel_size=(1, 1), stride=(1, 1), bias=False)
                                                 (bn3): BatchNorm2d(256, eps=1e-05, momentum=0.1, affine=True, track_running_stats=True)
                                                 (relu): ReLU(inplace=True)
                                                 (downsample): Sequential(
                                                   (0): Conv2d(64, 256, kernel_size=(1, 1), stride=(1, 1), bias=False)
                                                   (1): BatchNorm2d(256, eps=1e-05, momentum=0.1, affine=True, track_running_stats=True)
                                                 )
                                               )
                                               (1): Bottleneck(
                                                 (conv1): Conv2d(256, 64, kernel_size=(1, 1), stride=(1, 1), bias=False)
                                                 (bn1): BatchNorm2d(64, eps=1e-05, momentum=0.1, affine=True, track_running_stats=True)
                                                 (conv2): Conv2d(64, 64, kernel_size=(3, 3), stride=(1, 1), padding=(1, 1), bias=False)
                                                 (bn2): BatchNorm2d(64, eps=1e-05, momentum=0.1, affine=True, track_running_stats=True)
                                                 (conv3): Conv2d(64, 256, kernel_size=(1, 1), stride=(1, 1), bias=False)
                                                 (bn3): BatchNorm2d(256, eps=1e-05, momentum=0.1, affine=True, track_running_stats=True)
                                                 (relu): ReLU(inplace=True)
                                               )
                                               (2): Bottleneck(
                                                 (conv1): Conv2d(256, 64, kernel_size=(1, 1), stride=(1, 1), bias=False)
                                                 (bn1): BatchNorm2d(64, eps=1e-05, momentum=0.1, affine=True, track_running_stats=True)
                                                 (conv2): Conv2d(64, 64, kernel_size=(3, 3), stride=(1, 1), padding=(1, 1), bias=False)
                                                 (bn2): BatchNorm2d(64, eps=1e-05, momentum=0.1, affine=True, track_running_stats=True)
                                                 (conv3): Conv2d(64, 256, kernel_size=(1, 1), stride=(1, 1), bias=False)
                                                 (bn3): BatchNorm2d(256, eps=1e-05, momentum=0.1, affine=True, track_running_stats=True)
                                                 (relu): ReLU(inplace=True)
                                               )
                                             )
                                             (5): Sequential(
                                               (0): Bottleneck(
                                                 (conv1): Conv2d(256, 128, kernel_size=(1, 1), stride=(1, 1), bias=False)
                                                 (bn1): BatchNorm2d(128, eps=1e-05, momentum=0.1, affine=True, track_running_stats=True)
                                                 (conv2): Conv2d(128, 128, kernel_size=(3, 3), stride=(2, 2), padding=(1, 1), bias=False)
                                                 (bn2): BatchNorm2d(128, eps=1e-05, momentum=0.1, affine=True, track_running_stats=True)
                                                 (conv3): Conv2d(128, 512, kernel_size=(1, 1), stride=(1, 1), bias=False)
                                                 (bn3): BatchNorm2d(512, eps=1e-05, momentum=0.1, affine=True, track_running_stats=True)
                                                 (relu): ReLU(inplace=True)
                                                 (downsample): Sequential(
                                                   (0): Conv2d(256, 512, kernel_size=(1, 1), stride=(2, 2), bias=False)
                                                   (1): BatchNorm2d(512, eps=1e-05, momentum=0.1, affine=True, track_running_stats=True)
                                                 )
                                               )
                                               (1): Bottleneck(
                                                 (conv1): Conv2d(512, 128, kernel_size=(1, 1), stride=(1, 1), bias=False)
                                                 (bn1): BatchNorm2d(128, eps=1e-05, momentum=0.1, affine=True, track_running_stats=True)
                                                 (conv2): Conv2d(128, 128, kernel_size=(3, 3), stride=(1, 1), padding=(1, 1), bias=False)
                                                 (bn2): BatchNorm2d(128, eps=1e-05, momentum=0.1, affine=True, track_running_stats=True)
                                                 (conv3): Conv2d(128, 512, kernel_size=(1, 1), stride=(1, 1), bias=False)
                                                 (bn3): BatchNorm2d(512, eps=1e-05, momentum=0.1, affine=True, track_running_stats=True)
                                                 (relu): ReLU(inplace=True)
                                               )
                                               (2): Bottleneck(
                                                 (conv1): Conv2d(512, 128, kernel_size=(1, 1), stride=(1, 1), bias=False)
                                                 (bn1): BatchNorm2d(128, eps=1e-05, momentum=0.1, affine=True, track_running_stats=True)
                                                 (conv2): Conv2d(128, 128, kernel_size=(3, 3), stride=(1, 1), padding=(1, 1), bias=False)
                                                 (bn2): BatchNorm2d(128, eps=1e-05, momentum=0.1, affine=True, track_running_stats=True)
                                                 (conv3): Conv2d(128, 512, kernel_size=(1, 1), stride=(1, 1), bias=False)
                                                 (bn3): BatchNorm2d(512, eps=1e-05, momentum=0.1, affine=True, track_running_stats=True)
                                                 (relu): ReLU(inplace=True)
                                               )
                                               (3): Bottleneck(
                                                 (conv1): Conv2d(512, 128, kernel_size=(1, 1), stride=(1, 1), bias=False)
                                                 (bn1): BatchNorm2d(128, eps=1e-05, momentum=0.1, affine=True, track_running_stats=True)
                                                 (conv2): Conv2d(128, 128, kernel_size=(3, 3), stride=(1, 1), padding=(1, 1), bias=False)
                                                 (bn2): BatchNorm2d(128, eps=1e-05, momentum=0.1, affine=True, track_running_stats=True)
                                                 (conv3): Conv2d(128, 512, kernel_size=(1, 1), stride=(1, 1), bias=False)
                                                 (bn3): BatchNorm2d(512, eps=1e-05, momentum=0.1, affine=True, track_running_stats=True)
                                                 (relu): ReLU(inplace=True)
                                               )
                                               (4): Bottleneck(
                                                 (conv1): Conv2d(512, 128, kernel_size=(1, 1), stride=(1, 1), bias=False)
                                                 (bn1): BatchNorm2d(128, eps=1e-05, momentum=0.1, affine=True, track_running_stats=True)
                                                 (conv2): Conv2d(128, 128, kernel_size=(3, 3), stride=(1, 1), padding=(1, 1), bias=False)
                                                 (bn2): BatchNorm2d(128, eps=1e-05, momentum=0.1, affine=True, track_running_stats=True)
                                                 (conv3): Conv2d(128, 512, kernel_size=(1, 1), stride=(1, 1), bias=False)
                                                 (bn3): BatchNorm2d(512, eps=1e-05, momentum=0.1, affine=True, track_running_stats=True)
                                                 (relu): ReLU(inplace=True)
                                               )
                                               (5): Bottleneck(
                                                 (conv1): Conv2d(512, 128, kernel_size=(1, 1), stride=(1, 1), bias=False)
                                                 (bn1): BatchNorm2d(128, eps=1e-05, momentum=0.1, affine=True, track_running_stats=True)
                                                 (conv2): Conv2d(128, 128, kernel_size=(3, 3), stride=(1, 1), padding=(1, 1), bias=False)
                                                 (bn2): BatchNorm2d(128, eps=1e-05, momentum=0.1, affine=True, track_running_stats=True)
                                                 (conv3): Conv2d(128, 512, kernel_size=(1, 1), stride=(1, 1), bias=False)
                                                 (bn3): BatchNorm2d(512, eps=1e-05, momentum=0.1, affine=True, track_running_stats=True)
                                                 (relu): ReLU(inplace=True)
                                               )
                                               (6): Bottleneck(
                                                 (conv1): Conv2d(512, 128, kernel_size=(1, 1), stride=(1, 1), bias=False)
                                                 (bn1): BatchNorm2d(128, eps=1e-05, momentum=0.1, affine=True, track_running_stats=True)
                                                 (conv2): Conv2d(128, 128, kernel_size=(3, 3), stride=(1, 1), padding=(1, 1), bias=False)
                                                 (bn2): BatchNorm2d(128, eps=1e-05, momentum=0.1, affine=True, track_running_stats=True)
                                                 (conv3): Conv2d(128, 512, kernel_size=(1, 1), stride=(1, 1), bias=False)
                                                 (bn3): BatchNorm2d(512, eps=1e-05, momentum=0.1, affine=True, track_running_stats=True)
                                                 (relu): ReLU(inplace=True)
                                               )
                                               (7): Bottleneck(
                                                 (conv1): Conv2d(512, 128, kernel_size=(1, 1), stride=(1, 1), bias=False)
                                                 (bn1): BatchNorm2d(128, eps=1e-05, momentum=0.1, affine=True, track_running_stats=True)
                                                 (conv2): Conv2d(128, 128, kernel_size=(3, 3), stride=(1, 1), padding=(1, 1), bias=False)
                                                 (bn2): BatchNorm2d(128, eps=1e-05, momentum=0.1, affine=True, track_running_stats=True)
                                                 (conv3): Conv2d(128, 512, kernel_size=(1, 1), stride=(1, 1), bias=False)
                                                 (bn3): BatchNorm2d(512, eps=1e-05, momentum=0.1, affine=True, track_running_stats=True)
                                                 (relu): ReLU(inplace=True)
                                               )
                                             )
                                             (6): Sequential(
                                               (0): Bottleneck(
                                                 (conv1): Conv2d(512, 256, kernel_size=(1, 1), stride=(1, 1), bias=False)
                                                 (bn1): BatchNorm2d(256, eps=1e-05, momentum=0.1, affine=True, track_running_stats=True)
                                                 (conv2): Conv2d(256, 256, kernel_size=(3, 3), stride=(2, 2), padding=(1, 1), bias=False)
                                                 (bn2): BatchNorm2d(256, eps=1e-05, momentum=0.1, affine=True, track_running_stats=True)
                                                 (conv3): Conv2d(256, 1024, kernel_size=(1, 1), stride=(1, 1), bias=False)
                                                 (bn3): BatchNorm2d(1024, eps=1e-05, momentum=0.1, affine=True, track_running_stats=True)
                                                 (relu): ReLU(inplace=True)
                                                 (downsample): Sequential(
                                                   (0): Conv2d(512, 1024, kernel_size=(1, 1), stride=(2, 2), bias=False)
                                                   (1): BatchNorm2d(1024, eps=1e-05, momentum=0.1, affine=True, track_running_stats=True)
                                                 )
                                               )
                                               (1): Bottleneck(
                                                 (conv1): Conv2d(1024, 256, kernel_size=(1, 1), stride=(1, 1), bias=False)
                                                 (bn1): BatchNorm2d(256, eps=1e-05, momentum=0.1, affine=True, track_running_stats=True)
                                                 (conv2): Conv2d(256, 256, kernel_size=(3, 3), stride=(1, 1), padding=(1, 1), bias=False)
                                                 (bn2): BatchNorm2d(256, eps=1e-05, momentum=0.1, affine=True, track_running_stats=True)
                                                 (conv3): Conv2d(256, 1024, kernel_size=(1, 1), stride=(1, 1), bias=False)
                                                 (bn3): BatchNorm2d(1024, eps=1e-05, momentum=0.1, affine=True, track_running_stats=True)
                                                 (relu): ReLU(inplace=True)
                                               )
                                               (2): Bottleneck(
                                                 (conv1): Conv2d(1024, 256, kernel_size=(1, 1), stride=(1, 1), bias=False)
                                                 (bn1): BatchNorm2d(256, eps=1e-05, momentum=0.1, affine=True, track_running_stats=True)
                                                 (conv2): Conv2d(256, 256, kernel_size=(3, 3), stride=(1, 1), padding=(1, 1), bias=False)
                                                 (bn2): BatchNorm2d(256, eps=1e-05, momentum=0.1, affine=True, track_running_stats=True)
                                                 (conv3): Conv2d(256, 1024, kernel_size=(1, 1), stride=(1, 1), bias=False)
                                                 (bn3): BatchNorm2d(1024, eps=1e-05, momentum=0.1, affine=True, track_running_stats=True)
                                                 (relu): ReLU(inplace=True)
                                               )
                                               (3): Bottleneck(
                                                 (conv1): Conv2d(1024, 256, kernel_size=(1, 1), stride=(1, 1), bias=False)
                                                 (bn1): BatchNorm2d(256, eps=1e-05, momentum=0.1, affine=True, track_running_stats=True)
                                                 (conv2): Conv2d(256, 256, kernel_size=(3, 3), stride=(1, 1), padding=(1, 1), bias=False)
                                                 (bn2): BatchNorm2d(256, eps=1e-05, momentum=0.1, affine=True, track_running_stats=True)
                                                 (conv3): Conv2d(256, 1024, kernel_size=(1, 1), stride=(1, 1), bias=False)
                                                 (bn3): BatchNorm2d(1024, eps=1e-05, momentum=0.1, affine=True, track_running_stats=True)
                                                 (relu): ReLU(inplace=True)
                                               )
                                               (4): Bottleneck(
                                                 (conv1): Conv2d(1024, 256, kernel_size=(1, 1), stride=(1, 1), bias=False)
                                                 (bn1): BatchNorm2d(256, eps=1e-05, momentum=0.1, affine=True, track_running_stats=True)
                                                 (conv2): Conv2d(256, 256, kernel_size=(3, 3), stride=(1, 1), padding=(1, 1), bias=False)
                                                 (bn2): BatchNorm2d(256, eps=1e-05, momentum=0.1, affine=True, track_running_stats=True)
                                                 (conv3): Conv2d(256, 1024, kernel_size=(1, 1), stride=(1, 1), bias=False)
                                                 (bn3): BatchNorm2d(1024, eps=1e-05, momentum=0.1, affine=True, track_running_stats=True)
                                                 (relu): ReLU(inplace=True)
                                               )
                                               (5): Bottleneck(
                                                 (conv1): Conv2d(1024, 256, kernel_size=(1, 1), stride=(1, 1), bias=False)
                                                 (bn1): BatchNorm2d(256, eps=1e-05, momentum=0.1, affine=True, track_running_stats=True)
                                                 (conv2): Conv2d(256, 256, kernel_size=(3, 3), stride=(1, 1), padding=(1, 1), bias=False)
                                                 (bn2): BatchNorm2d(256, eps=1e-05, momentum=0.1, affine=True, track_running_stats=True)
                                                 (conv3): Conv2d(256, 1024, kernel_size=(1, 1), stride=(1, 1), bias=False)
                                                 (bn3): BatchNorm2d(1024, eps=1e-05, momentum=0.1, affine=True, track_running_stats=True)
                                                 (relu): ReLU(inplace=True)
                                               )
                                               (6): Bottleneck(
                                                 (conv1): Conv2d(1024, 256, kernel_size=(1, 1), stride=(1, 1), bias=False)
                                                 (bn1): BatchNorm2d(256, eps=1e-05, momentum=0.1, affine=True, track_running_stats=True)
                                                 (conv2): Conv2d(256, 256, kernel_size=(3, 3), stride=(1, 1), padding=(1, 1), bias=False)
                                                 (bn2): BatchNorm2d(256, eps=1e-05, momentum=0.1, affine=True, track_running_stats=True)
                                                 (conv3): Conv2d(256, 1024, kernel_size=(1, 1), stride=(1, 1), bias=False)
                                                 (bn3): BatchNorm2d(1024, eps=1e-05, momentum=0.1, affine=True, track_running_stats=True)
                                                 (relu): ReLU(inplace=True)
                                               )
                                               (7): Bottleneck(
                                                 (conv1): Conv2d(1024, 256, kernel_size=(1, 1), stride=(1, 1), bias=False)
                                                 (bn1): BatchNorm2d(256, eps=1e-05, momentum=0.1, affine=True, track_running_stats=True)
                                                 (conv2): Conv2d(256, 256, kernel_size=(3, 3), stride=(1, 1), padding=(1, 1), bias=False)
                                                 (bn2): BatchNorm2d(256, eps=1e-05, momentum=0.1, affine=True, track_running_stats=True)
                                                 (conv3): Conv2d(256, 1024, kernel_size=(1, 1), stride=(1, 1), bias=False)
                                                 (bn3): BatchNorm2d(1024, eps=1e-05, momentum=0.1, affine=True, track_running_stats=True)
                                                 (relu): ReLU(inplace=True)
                                               )
                                               (8): Bottleneck(
                                                 (conv1): Conv2d(1024, 256, kernel_size=(1, 1), stride=(1, 1), bias=False)
                                                 (bn1): BatchNorm2d(256, eps=1e-05, momentum=0.1, affine=True, track_running_stats=True)
                                                 (conv2): Conv2d(256, 256, kernel_size=(3, 3), stride=(1, 1), padding=(1, 1), bias=False)
                                                 (bn2): BatchNorm2d(256, eps=1e-05, momentum=0.1, affine=True, track_running_stats=True)
                                                 (conv3): Conv2d(256, 1024, kernel_size=(1, 1), stride=(1, 1), bias=False)
                                                 (bn3): BatchNorm2d(1024, eps=1e-05, momentum=0.1, affine=True, track_running_stats=True)
                                                 (relu): ReLU(inplace=True)
                                               )
                                               (9): Bottleneck(
                                                 (conv1): Conv2d(1024, 256, kernel_size=(1, 1), stride=(1, 1), bias=False)
                                                 (bn1): BatchNorm2d(256, eps=1e-05, momentum=0.1, affine=True, track_running_stats=True)
                                                 (conv2): Conv2d(256, 256, kernel_size=(3, 3), stride=(1, 1), padding=(1, 1), bias=False)
                                                 (bn2): BatchNorm2d(256, eps=1e-05, momentum=0.1, affine=True, track_running_stats=True)
                                                 (conv3): Conv2d(256, 1024, kernel_size=(1, 1), stride=(1, 1), bias=False)
                                                 (bn3): BatchNorm2d(1024, eps=1e-05, momentum=0.1, affine=True, track_running_stats=True)
                                                 (relu): ReLU(inplace=True)
                                               )
                                               (10): Bottleneck(
                                                 (conv1): Conv2d(1024, 256, kernel_size=(1, 1), stride=(1, 1), bias=False)
                                                 (bn1): BatchNorm2d(256, eps=1e-05, momentum=0.1, affine=True, track_running_stats=True)
                                                 (conv2): Conv2d(256, 256, kernel_size=(3, 3), stride=(1, 1), padding=(1, 1), bias=False)
                                                 (bn2): BatchNorm2d(256, eps=1e-05, momentum=0.1, affine=True, track_running_stats=True)
                                                 (conv3): Conv2d(256, 1024, kernel_size=(1, 1), stride=(1, 1), bias=False)
                                                 (bn3): BatchNorm2d(1024, eps=1e-05, momentum=0.1, affine=True, track_running_stats=True)
                                                 (relu): ReLU(inplace=True)
                                               )
                                               (11): Bottleneck(
                                                 (conv1): Conv2d(1024, 256, kernel_size=(1, 1), stride=(1, 1), bias=False)
                                                 (bn1): BatchNorm2d(256, eps=1e-05, momentum=0.1, affine=True, track_running_stats=True)
                                                 (conv2): Conv2d(256, 256, kernel_size=(3, 3), stride=(1, 1), padding=(1, 1), bias=False)
                                                 (bn2): BatchNorm2d(256, eps=1e-05, momentum=0.1, affine=True, track_running_stats=True)
                                                 (conv3): Conv2d(256, 1024, kernel_size=(1, 1), stride=(1, 1), bias=False)
                                                 (bn3): BatchNorm2d(1024, eps=1e-05, momentum=0.1, affine=True, track_running_stats=True)
                                                 (relu): ReLU(inplace=True)
                                               )
                                               (12): Bottleneck(
                                                 (conv1): Conv2d(1024, 256, kernel_size=(1, 1), stride=(1, 1), bias=False)
                                                 (bn1): BatchNorm2d(256, eps=1e-05, momentum=0.1, affine=True, track_running_stats=True)
                                                 (conv2): Conv2d(256, 256, kernel_size=(3, 3), stride=(1, 1), padding=(1, 1), bias=False)
                                                 (bn2): BatchNorm2d(256, eps=1e-05, momentum=0.1, affine=True, track_running_stats=True)
                                                 (conv3): Conv2d(256, 1024, kernel_size=(1, 1), stride=(1, 1), bias=False)
                                                 (bn3): BatchNorm2d(1024, eps=1e-05, momentum=0.1, affine=True, track_running_stats=True)
                                                 (relu): ReLU(inplace=True)
                                               )
                                               (13): Bottleneck(
                                                 (conv1): Conv2d(1024, 256, kernel_size=(1, 1), stride=(1, 1), bias=False)
                                                 (bn1): BatchNorm2d(256, eps=1e-05, momentum=0.1, affine=True, track_running_stats=True)
                                                 (conv2): Conv2d(256, 256, kernel_size=(3, 3), stride=(1, 1), padding=(1, 1), bias=False)
                                                 (bn2): BatchNorm2d(256, eps=1e-05, momentum=0.1, affine=True, track_running_stats=True)
                                                 (conv3): Conv2d(256, 1024, kernel_size=(1, 1), stride=(1, 1), bias=False)
                                                 (bn3): BatchNorm2d(1024, eps=1e-05, momentum=0.1, affine=True, track_running_stats=True)
                                                 (relu): ReLU(inplace=True)
                                               )
                                               (14): Bottleneck(
                                                 (conv1): Conv2d(1024, 256, kernel_size=(1, 1), stride=(1, 1), bias=False)
                                                 (bn1): BatchNorm2d(256, eps=1e-05, momentum=0.1, affine=True, track_running_stats=True)
                                                 (conv2): Conv2d(256, 256, kernel_size=(3, 3), stride=(1, 1), padding=(1, 1), bias=False)
                                                 (bn2): BatchNorm2d(256, eps=1e-05, momentum=0.1, affine=True, track_running_stats=True)
                                                 (conv3): Conv2d(256, 1024, kernel_size=(1, 1), stride=(1, 1), bias=False)
                                                 (bn3): BatchNorm2d(1024, eps=1e-05, momentum=0.1, affine=True, track_running_stats=True)
                                                 (relu): ReLU(inplace=True)
                                               )
                                               (15): Bottleneck(
                                                 (conv1): Conv2d(1024, 256, kernel_size=(1, 1), stride=(1, 1), bias=False)
                                                 (bn1): BatchNorm2d(256, eps=1e-05, momentum=0.1, affine=True, track_running_stats=True)
                                                 (conv2): Conv2d(256, 256, kernel_size=(3, 3), stride=(1, 1), padding=(1, 1), bias=False)
                                                 (bn2): BatchNorm2d(256, eps=1e-05, momentum=0.1, affine=True, track_running_stats=True)
                                                 (conv3): Conv2d(256, 1024, kernel_size=(1, 1), stride=(1, 1), bias=False)
                                                 (bn3): BatchNorm2d(1024, eps=1e-05, momentum=0.1, affine=True, track_running_stats=True)
                                                 (relu): ReLU(inplace=True)
                                               )
                                               (16): Bottleneck(
                                                 (conv1): Conv2d(1024, 256, kernel_size=(1, 1), stride=(1, 1), bias=False)
                                                 (bn1): BatchNorm2d(256, eps=1e-05, momentum=0.1, affine=True, track_running_stats=True)
                                                 (conv2): Conv2d(256, 256, kernel_size=(3, 3), stride=(1, 1), padding=(1, 1), bias=False)
                                                 (bn2): BatchNorm2d(256, eps=1e-05, momentum=0.1, affine=True, track_running_stats=True)
                                                 (conv3): Conv2d(256, 1024, kernel_size=(1, 1), stride=(1, 1), bias=False)
                                                 (bn3): BatchNorm2d(1024, eps=1e-05, momentum=0.1, affine=True, track_running_stats=True)
                                                 (relu): ReLU(inplace=True)
                                               )
                                               (17): Bottleneck(
                                                 (conv1): Conv2d(1024, 256, kernel_size=(1, 1), stride=(1, 1), bias=False)
                                                 (bn1): BatchNorm2d(256, eps=1e-05, momentum=0.1, affine=True, track_running_stats=True)
                                                 (conv2): Conv2d(256, 256, kernel_size=(3, 3), stride=(1, 1), padding=(1, 1), bias=False)
                                                 (bn2): BatchNorm2d(256, eps=1e-05, momentum=0.1, affine=True, track_running_stats=True)
                                                 (conv3): Conv2d(256, 1024, kernel_size=(1, 1), stride=(1, 1), bias=False)
                                                 (bn3): BatchNorm2d(1024, eps=1e-05, momentum=0.1, affine=True, track_running_stats=True)
                                                 (relu): ReLU(inplace=True)
                                               )
                                               (18): Bottleneck(
                                                 (conv1): Conv2d(1024, 256, kernel_size=(1, 1), stride=(1, 1), bias=False)
                                                 (bn1): BatchNorm2d(256, eps=1e-05, momentum=0.1, affine=True, track_running_stats=True)
                                                 (conv2): Conv2d(256, 256, kernel_size=(3, 3), stride=(1, 1), padding=(1, 1), bias=False)
                                                 (bn2): BatchNorm2d(256, eps=1e-05, momentum=0.1, affine=True, track_running_stats=True)
                                                 (conv3): Conv2d(256, 1024, kernel_size=(1, 1), stride=(1, 1), bias=False)
                                                 (bn3): BatchNorm2d(1024, eps=1e-05, momentum=0.1, affine=True, track_running_stats=True)
                                                 (relu): ReLU(inplace=True)
                                               )
                                               (19): Bottleneck(
                                                 (conv1): Conv2d(1024, 256, kernel_size=(1, 1), stride=(1, 1), bias=False)
                                                 (bn1): BatchNorm2d(256, eps=1e-05, momentum=0.1, affine=True, track_running_stats=True)
                                                 (conv2): Conv2d(256, 256, kernel_size=(3, 3), stride=(1, 1), padding=(1, 1), bias=False)
                                                 (bn2): BatchNorm2d(256, eps=1e-05, momentum=0.1, affine=True, track_running_stats=True)
                                                 (conv3): Conv2d(256, 1024, kernel_size=(1, 1), stride=(1, 1), bias=False)
                                                 (bn3): BatchNorm2d(1024, eps=1e-05, momentum=0.1, affine=True, track_running_stats=True)
                                                 (relu): ReLU(inplace=True)
                                               )
                                               (20): Bottleneck(
                                                 (conv1): Conv2d(1024, 256, kernel_size=(1, 1), stride=(1, 1), bias=False)
                                                 (bn1): BatchNorm2d(256, eps=1e-05, momentum=0.1, affine=True, track_running_stats=True)
                                                 (conv2): Conv2d(256, 256, kernel_size=(3, 3), stride=(1, 1), padding=(1, 1), bias=False)
                                                 (bn2): BatchNorm2d(256, eps=1e-05, momentum=0.1, affine=True, track_running_stats=True)
                                                 (conv3): Conv2d(256, 1024, kernel_size=(1, 1), stride=(1, 1), bias=False)
                                                 (bn3): BatchNorm2d(1024, eps=1e-05, momentum=0.1, affine=True, track_running_stats=True)
                                                 (relu): ReLU(inplace=True)
                                               )
                                               (21): Bottleneck(
                                                 (conv1): Conv2d(1024, 256, kernel_size=(1, 1), stride=(1, 1), bias=False)
                                                 (bn1): BatchNorm2d(256, eps=1e-05, momentum=0.1, affine=True, track_running_stats=True)
                                                 (conv2): Conv2d(256, 256, kernel_size=(3, 3), stride=(1, 1), padding=(1, 1), bias=False)
                                                 (bn2): BatchNorm2d(256, eps=1e-05, momentum=0.1, affine=True, track_running_stats=True)
                                                 (conv3): Conv2d(256, 1024, kernel_size=(1, 1), stride=(1, 1), bias=False)
                                                 (bn3): BatchNorm2d(1024, eps=1e-05, momentum=0.1, affine=True, track_running_stats=True)
                                                 (relu): ReLU(inplace=True)
                                               )
                                               (22): Bottleneck(
                                                 (conv1): Conv2d(1024, 256, kernel_size=(1, 1), stride=(1, 1), bias=False)
                                                 (bn1): BatchNorm2d(256, eps=1e-05, momentum=0.1, affine=True, track_running_stats=True)
                                                 (conv2): Conv2d(256, 256, kernel_size=(3, 3), stride=(1, 1), padding=(1, 1), bias=False)
                                                 (bn2): BatchNorm2d(256, eps=1e-05, momentum=0.1, affine=True, track_running_stats=True)
                                                 (conv3): Conv2d(256, 1024, kernel_size=(1, 1), stride=(1, 1), bias=False)
                                                 (bn3): BatchNorm2d(1024, eps=1e-05, momentum=0.1, affine=True, track_running_stats=True)
                                                 (relu): ReLU(inplace=True)
                                               )
                                               (23): Bottleneck(
                                                 (conv1): Conv2d(1024, 256, kernel_size=(1, 1), stride=(1, 1), bias=False)
                                                 (bn1): BatchNorm2d(256, eps=1e-05, momentum=0.1, affine=True, track_running_stats=True)
                                                 (conv2): Conv2d(256, 256, kernel_size=(3, 3), stride=(1, 1), padding=(1, 1), bias=False)
                                                 (bn2): BatchNorm2d(256, eps=1e-05, momentum=0.1, affine=True, track_running_stats=True)
                                                 (conv3): Conv2d(256, 1024, kernel_size=(1, 1), stride=(1, 1), bias=False)
                                                 (bn3): BatchNorm2d(1024, eps=1e-05, momentum=0.1, affine=True, track_running_stats=True)
                                                 (relu): ReLU(inplace=True)
                                               )
                                               (24): Bottleneck(
                                                 (conv1): Conv2d(1024, 256, kernel_size=(1, 1), stride=(1, 1), bias=False)
                                                 (bn1): BatchNorm2d(256, eps=1e-05, momentum=0.1, affine=True, track_running_stats=True)
                                                 (conv2): Conv2d(256, 256, kernel_size=(3, 3), stride=(1, 1), padding=(1, 1), bias=False)
                                                 (bn2): BatchNorm2d(256, eps=1e-05, momentum=0.1, affine=True, track_running_stats=True)
                                                 (conv3): Conv2d(256, 1024, kernel_size=(1, 1), stride=(1, 1), bias=False)
                                                 (bn3): BatchNorm2d(1024, eps=1e-05, momentum=0.1, affine=True, track_running_stats=True)
                                                 (relu): ReLU(inplace=True)
                                               )
                                               (25): Bottleneck(
                                                 (conv1): Conv2d(1024, 256, kernel_size=(1, 1), stride=(1, 1), bias=False)
                                                 (bn1): BatchNorm2d(256, eps=1e-05, momentum=0.1, affine=True, track_running_stats=True)
                                                 (conv2): Conv2d(256, 256, kernel_size=(3, 3), stride=(1, 1), padding=(1, 1), bias=False)
                                                 (bn2): BatchNorm2d(256, eps=1e-05, momentum=0.1, affine=True, track_running_stats=True)
                                                 (conv3): Conv2d(256, 1024, kernel_size=(1, 1), stride=(1, 1), bias=False)
                                                 (bn3): BatchNorm2d(1024, eps=1e-05, momentum=0.1, affine=True, track_running_stats=True)
                                                 (relu): ReLU(inplace=True)
                                               )
                                               (26): Bottleneck(
                                                 (conv1): Conv2d(1024, 256, kernel_size=(1, 1), stride=(1, 1), bias=False)
                                                 (bn1): BatchNorm2d(256, eps=1e-05, momentum=0.1, affine=True, track_running_stats=True)
                                                 (conv2): Conv2d(256, 256, kernel_size=(3, 3), stride=(1, 1), padding=(1, 1), bias=False)
                                                 (bn2): BatchNorm2d(256, eps=1e-05, momentum=0.1, affine=True, track_running_stats=True)
                                                 (conv3): Conv2d(256, 1024, kernel_size=(1, 1), stride=(1, 1), bias=False)
                                                 (bn3): BatchNorm2d(1024, eps=1e-05, momentum=0.1, affine=True, track_running_stats=True)
                                                 (relu): ReLU(inplace=True)
                                               )
                                               (27): Bottleneck(
                                                 (conv1): Conv2d(1024, 256, kernel_size=(1, 1), stride=(1, 1), bias=False)
                                                 (bn1): BatchNorm2d(256, eps=1e-05, momentum=0.1, affine=True, track_running_stats=True)
                                                 (conv2): Conv2d(256, 256, kernel_size=(3, 3), stride=(1, 1), padding=(1, 1), bias=False)
                                                 (bn2): BatchNorm2d(256, eps=1e-05, momentum=0.1, affine=True, track_running_stats=True)
                                                 (conv3): Conv2d(256, 1024, kernel_size=(1, 1), stride=(1, 1), bias=False)
                                                 (bn3): BatchNorm2d(1024, eps=1e-05, momentum=0.1, affine=True, track_running_stats=True)
                                                 (relu): ReLU(inplace=True)
                                               )
                                               (28): Bottleneck(
                                                 (conv1): Conv2d(1024, 256, kernel_size=(1, 1), stride=(1, 1), bias=False)
                                                 (bn1): BatchNorm2d(256, eps=1e-05, momentum=0.1, affine=True, track_running_stats=True)
                                                 (conv2): Conv2d(256, 256, kernel_size=(3, 3), stride=(1, 1), padding=(1, 1), bias=False)
                                                 (bn2): BatchNorm2d(256, eps=1e-05, momentum=0.1, affine=True, track_running_stats=True)
                                                 (conv3): Conv2d(256, 1024, kernel_size=(1, 1), stride=(1, 1), bias=False)
                                                 (bn3): BatchNorm2d(1024, eps=1e-05, momentum=0.1, affine=True, track_running_stats=True)
                                                 (relu): ReLU(inplace=True)
                                               )
                                               (29): Bottleneck(
                                                 (conv1): Conv2d(1024, 256, kernel_size=(1, 1), stride=(1, 1), bias=False)
                                                 (bn1): BatchNorm2d(256, eps=1e-05, momentum=0.1, affine=True, track_running_stats=True)
                                                 (conv2): Conv2d(256, 256, kernel_size=(3, 3), stride=(1, 1), padding=(1, 1), bias=False)
                                                 (bn2): BatchNorm2d(256, eps=1e-05, momentum=0.1, affine=True, track_running_stats=True)
                                                 (conv3): Conv2d(256, 1024, kernel_size=(1, 1), stride=(1, 1), bias=False)
                                                 (bn3): BatchNorm2d(1024, eps=1e-05, momentum=0.1, affine=True, track_running_stats=True)
                                                 (relu): ReLU(inplace=True)
                                               )
                                               (30): Bottleneck(
                                                 (conv1): Conv2d(1024, 256, kernel_size=(1, 1), stride=(1, 1), bias=False)
                                                 (bn1): BatchNorm2d(256, eps=1e-05, momentum=0.1, affine=True, track_running_stats=True)
                                                 (conv2): Conv2d(256, 256, kernel_size=(3, 3), stride=(1, 1), padding=(1, 1), bias=False)
                                                 (bn2): BatchNorm2d(256, eps=1e-05, momentum=0.1, affine=True, track_running_stats=True)
                                                 (conv3): Conv2d(256, 1024, kernel_size=(1, 1), stride=(1, 1), bias=False)
                                                 (bn3): BatchNorm2d(1024, eps=1e-05, momentum=0.1, affine=True, track_running_stats=True)
                                                 (relu): ReLU(inplace=True)
                                               )
                                               (31): Bottleneck(
                                                 (conv1): Conv2d(1024, 256, kernel_size=(1, 1), stride=(1, 1), bias=False)
                                                 (bn1): BatchNorm2d(256, eps=1e-05, momentum=0.1, affine=True, track_running_stats=True)
                                                 (conv2): Conv2d(256, 256, kernel_size=(3, 3), stride=(1, 1), padding=(1, 1), bias=False)
                                                 (bn2): BatchNorm2d(256, eps=1e-05, momentum=0.1, affine=True, track_running_stats=True)
                                                 (conv3): Conv2d(256, 1024, kernel_size=(1, 1), stride=(1, 1), bias=False)
                                                 (bn3): BatchNorm2d(1024, eps=1e-05, momentum=0.1, affine=True, track_running_stats=True)
                                                 (relu): ReLU(inplace=True)
                                               )
                                               (32): Bottleneck(
                                                 (conv1): Conv2d(1024, 256, kernel_size=(1, 1), stride=(1, 1), bias=False)
                                                 (bn1): BatchNorm2d(256, eps=1e-05, momentum=0.1, affine=True, track_running_stats=True)
                                                 (conv2): Conv2d(256, 256, kernel_size=(3, 3), stride=(1, 1), padding=(1, 1), bias=False)
                                                 (bn2): BatchNorm2d(256, eps=1e-05, momentum=0.1, affine=True, track_running_stats=True)
                                                 (conv3): Conv2d(256, 1024, kernel_size=(1, 1), stride=(1, 1), bias=False)
                                                 (bn3): BatchNorm2d(1024, eps=1e-05, momentum=0.1, affine=True, track_running_stats=True)
                                                 (relu): ReLU(inplace=True)
                                               )
                                               (33): Bottleneck(
                                                 (conv1): Conv2d(1024, 256, kernel_size=(1, 1), stride=(1, 1), bias=False)
                                                 (bn1): BatchNorm2d(256, eps=1e-05, momentum=0.1, affine=True, track_running_stats=True)
                                                 (conv2): Conv2d(256, 256, kernel_size=(3, 3), stride=(1, 1), padding=(1, 1), bias=False)
                                                 (bn2): BatchNorm2d(256, eps=1e-05, momentum=0.1, affine=True, track_running_stats=True)
                                                 (conv3): Conv2d(256, 1024, kernel_size=(1, 1), stride=(1, 1), bias=False)
                                                 (bn3): BatchNorm2d(1024, eps=1e-05, momentum=0.1, affine=True, track_running_stats=True)
                                                 (relu): ReLU(inplace=True)
                                               )
                                               (34): Bottleneck(
                                                 (conv1): Conv2d(1024, 256, kernel_size=(1, 1), stride=(1, 1), bias=False)
                                                 (bn1): BatchNorm2d(256, eps=1e-05, momentum=0.1, affine=True, track_running_stats=True)
                                                 (conv2): Conv2d(256, 256, kernel_size=(3, 3), stride=(1, 1), padding=(1, 1), bias=False)
                                                 (bn2): BatchNorm2d(256, eps=1e-05, momentum=0.1, affine=True, track_running_stats=True)
                                                 (conv3): Conv2d(256, 1024, kernel_size=(1, 1), stride=(1, 1), bias=False)
                                                 (bn3): BatchNorm2d(1024, eps=1e-05, momentum=0.1, affine=True, track_running_stats=True)
                                                 (relu): ReLU(inplace=True)
                                               )
                                               (35): Bottleneck(
                                                 (conv1): Conv2d(1024, 256, kernel_size=(1, 1), stride=(1, 1), bias=False)
                                                 (bn1): BatchNorm2d(256, eps=1e-05, momentum=0.1, affine=True, track_running_stats=True)
                                                 (conv2): Conv2d(256, 256, kernel_size=(3, 3), stride=(1, 1), padding=(1, 1), bias=False)
                                                 (bn2): BatchNorm2d(256, eps=1e-05, momentum=0.1, affine=True, track_running_stats=True)
                                                 (conv3): Conv2d(256, 1024, kernel_size=(1, 1), stride=(1, 1), bias=False)
                                                 (bn3): BatchNorm2d(1024, eps=1e-05, momentum=0.1, affine=True, track_running_stats=True)
                                                 (relu): ReLU(inplace=True)
                                               )
                                             )
                                             (7): Sequential(
                                               (0): Bottleneck(
                                                 (conv1): Conv2d(1024, 512, kernel_size=(1, 1), stride=(1, 1), bias=False)
                                                 (bn1): BatchNorm2d(512, eps=1e-05, momentum=0.1, affine=True, track_running_stats=True)
                                                 (conv2): Conv2d(512, 512, kernel_size=(3, 3), stride=(2, 2), padding=(1, 1), bias=False)
                                                 (bn2): BatchNorm2d(512, eps=1e-05, momentum=0.1, affine=True, track_running_stats=True)
                                                 (conv3): Conv2d(512, 2048, kernel_size=(1, 1), stride=(1, 1), bias=False)
                                                 (bn3): BatchNorm2d(2048, eps=1e-05, momentum=0.1, affine=True, track_running_stats=True)
                                                 (relu): ReLU(inplace=True)
                                                 (downsample): Sequential(
                                                   (0): Conv2d(1024, 2048, kernel_size=(1, 1), stride=(2, 2), bias=False)
                                                   (1): BatchNorm2d(2048, eps=1e-05, momentum=0.1, affine=True, track_running_stats=True)
                                                 )
                                               )
                                               (1): Bottleneck(
                                                 (conv1): Conv2d(2048, 512, kernel_size=(1, 1), stride=(1, 1), bias=False)
                                                 (bn1): BatchNorm2d(512, eps=1e-05, momentum=0.1, affine=True, track_running_stats=True)
                                                 (conv2): Conv2d(512, 512, kernel_size=(3, 3), stride=(1, 1), padding=(1, 1), bias=False)
                                                 (bn2): BatchNorm2d(512, eps=1e-05, momentum=0.1, affine=True, track_running_stats=True)
                                                 (conv3): Conv2d(512, 2048, kernel_size=(1, 1), stride=(1, 1), bias=False)
                                                 (bn3): BatchNorm2d(2048, eps=1e-05, momentum=0.1, affine=True, track_running_stats=True)
                                                 (relu): ReLU(inplace=True)
                                               )
                                               (2): Bottleneck(
                                                 (conv1): Conv2d(2048, 512, kernel_size=(1, 1), stride=(1, 1), bias=False)
                                                 (bn1): BatchNorm2d(512, eps=1e-05, momentum=0.1, affine=True, track_running_stats=True)
                                                 (conv2): Conv2d(512, 512, kernel_size=(3, 3), stride=(1, 1), padding=(1, 1), bias=False)
                                                 (bn2): BatchNorm2d(512, eps=1e-05, momentum=0.1, affine=True, track_running_stats=True)
                                                 (conv3): Conv2d(512, 2048, kernel_size=(1, 1), stride=(1, 1), bias=False)
                                                 (bn3): BatchNorm2d(2048, eps=1e-05, momentum=0.1, affine=True, track_running_stats=True)
                                                 (relu): ReLU(inplace=True)
                                               )
                                             )
                                           )
                                           (pool): AdaptiveAvgPool2d(output_size=(3, 1))
                                         )
                                         (clf): Linear(in_features=6144, out_features=1024, bias=True)
                                       )
                                       (classification_layer): Linear(in_features=1024, out_features=3, bias=True)
                                     )
INFO - 08/17/23 17:23:48 - 0:00:12 - Training..
